<?xml version="1.0" encoding="UTF-8"?>
<!-- Generated by org.testng.reporters.JUnitReportReporter -->
<testsuite hostname="DESKTOP-R71JSJF" failures="0" tests="1" name="TC_14.TC14" time="12.726" errors="0" timestamp="2023-04-06T13:17:09 IST" skipped="0">
  <testcase classname="TC_14.TC14" name="TC14" time="12.726"/>
  <system-out/>
</testsuite> <!-- TC_14.TC14 -->
