<?xml version="1.0" encoding="UTF-8"?>
<!-- Generated by org.testng.reporters.JUnitReportReporter -->
<testsuite hostname="DESKTOP-R71JSJF" failures="0" tests="1" name="TC08.TC_08" time="8.854" errors="0" timestamp="2023-04-05T16:18:53 IST" skipped="0">
  <testcase classname="TC08.TC_08" name="TC08" time="8.854"/>
  <system-out/>
</testsuite> <!-- TC08.TC_08 -->
