<?xml version="1.0" encoding="UTF-8"?>
<!-- Generated by org.testng.reporters.JUnitReportReporter -->
<testsuite hostname="DESKTOP-R71JSJF" failures="0" tests="1" name="TC_04.TC_04" time="12.846" errors="0" timestamp="2023-04-04T13:18:26 IST" skipped="0">
  <testcase classname="TC_04.TC_04" name="TC04" time="12.846"/>
  <system-out/>
</testsuite> <!-- TC_04.TC_04 -->
