<?xml version="1.0" encoding="UTF-8"?>
<!-- Generated by org.testng.reporters.JUnitReportReporter -->
<testsuite hostname="DESKTOP-R71JSJF" failures="0" tests="1" name="Practice.ToCheckElementisDidplayed" time="3.811" errors="0" timestamp="2023-04-15T15:09:58 IST" skipped="0">
  <testcase classname="Practice.ToCheckElementisDidplayed" name="ElementIsDisplayed" time="3.811"/>
  <system-out/>
</testsuite> <!-- Practice.ToCheckElementisDidplayed -->
