<?xml version="1.0" encoding="UTF-8"?>
<!-- Generated by org.testng.reporters.JUnitReportReporter -->
<testsuite hostname="DESKTOP-R71JSJF" failures="0" tests="1" name="TC_10.TC10" time="7.320" errors="0" timestamp="2023-04-06T11:56:30 IST" skipped="0">
  <testcase classname="TC_10.TC10" name="TC_10" time="7.320"/>
  <system-out/>
</testsuite> <!-- TC_10.TC10 -->
