<?xml version="1.0" encoding="UTF-8"?>
<!-- Generated by org.testng.reporters.JUnitReportReporter -->
<testsuite hostname="DESKTOP-R71JSJF" failures="0" tests="1" name="TC_12.TC12" time="11.740" errors="0" timestamp="2023-04-06T12:56:56 IST" skipped="0">
  <testcase classname="TC_12.TC12" name="TC12" time="11.740"/>
  <system-out/>
</testsuite> <!-- TC_12.TC12 -->
