<?xml version="1.0" encoding="UTF-8"?>
<!-- Generated by org.testng.reporters.JUnitReportReporter -->
<testsuite hostname="DESKTOP-R71JSJF" failures="0" tests="1" name="TC_02.BookAnAppointment" time="13.194" errors="0" timestamp="2023-04-04T13:08:57 IST" skipped="0">
  <testcase classname="TC_02.BookAnAppointment" name="BookAnAppointment" time="13.194"/>
  <system-out/>
</testsuite> <!-- TC_02.BookAnAppointment -->
