<?xml version="1.0" encoding="UTF-8"?>
<!-- Generated by org.testng.reporters.JUnitReportReporter -->
<testsuite hostname="DESKTOP-R71JSJF" failures="0" tests="1" name="TC_07.TC_07" time="13.027" errors="0" timestamp="2023-04-04T15:30:38 IST" skipped="0">
  <testcase classname="TC_07.TC_07" name="tc07" time="13.027"/>
  <system-out/>
</testsuite> <!-- TC_07.TC_07 -->
