<?xml version="1.0" encoding="UTF-8"?>
<!-- Generated by org.testng.reporters.JUnitReportReporter -->
<testsuite hostname="LAPTOP-84AAFFGG" failures="0" tests="1" name="com.appName.domainName.Test07" time="33.766" errors="0" timestamp="2023-04-04T14:48:42 IST" skipped="0">
  <testcase classname="com.appName.domainName.Test07" name="test06" time="33.766"/>
  <system-out/>
</testsuite> <!-- com.appName.domainName.Test07 -->
