<?xml version="1.0" encoding="UTF-8"?>
<!-- Generated by org.testng.reporters.JUnitReportReporter -->
<testsuite hostname="VBK-Computer" failures="0" tests="1" name="scripts.FetchingDoctorsDetailsFromAdminModuleTest" time="2.615" errors="0" timestamp="2023-04-05T13:24:47 IST" skipped="0">
  <testcase classname="scripts.FetchingDoctorsDetailsFromAdminModuleTest" name="adminModule" time="2.615"/>
  <system-out/>
</testsuite> <!-- scripts.FetchingDoctorsDetailsFromAdminModuleTest -->
