<?xml version="1.0" encoding="UTF-8"?>
<!-- Generated by org.testng.reporters.JUnitReportReporter -->
<testsuite hostname="DESKTOP-R71JSJF" failures="0" tests="1" name="Practice.TreeSet" time="3.713" errors="0" timestamp="2023-04-15T21:26:14 IST" skipped="0">
  <testcase classname="Practice.TreeSet" name="set" time="3.713"/>
  <system-out/>
</testsuite> <!-- Practice.TreeSet -->
