<?xml version="1.0" encoding="UTF-8"?>
<!-- Generated by org.testng.reporters.JUnitReportReporter -->
<testsuite hostname="DESKTOP-R71JSJF" failures="0" tests="1" name="Practice.ToCountImages" time="13.926" errors="0" timestamp="2023-04-15T15:29:27 IST" skipped="0">
  <testcase classname="Practice.ToCountImages" name="ToCountImages1" time="13.926"/>
  <system-out/>
</testsuite> <!-- Practice.ToCountImages -->
