<?xml version="1.0" encoding="UTF-8"?>
<!-- Generated by org.testng.reporters.JUnitReportReporter -->
<testsuite hostname="DESKTOP-R71JSJF" failures="0" tests="1" name="TC_11.TC11" time="11.239" errors="0" timestamp="2023-04-06T12:34:41 IST" skipped="0">
  <testcase classname="TC_11.TC11" name="TC11" time="11.239"/>
  <system-out/>
</testsuite> <!-- TC_11.TC11 -->
