<?xml version="1.0" encoding="UTF-8"?>
<!-- Generated by org.testng.reporters.JUnitReportReporter -->
<testsuite hostname="DESKTOP-R71JSJF" failures="0" tests="1" name="Practice.TogetTitle" time="3.063" errors="0" timestamp="2023-04-15T11:59:30 IST" skipped="0">
  <testcase classname="Practice.TogetTitle" name="getTitle" time="3.063"/>
  <system-out/>
</testsuite> <!-- Practice.TogetTitle -->
