<?xml version="1.0" encoding="UTF-8"?>
<!-- Generated by org.testng.reporters.JUnitReportReporter -->
<testsuite hostname="DESKTOP-R71JSJF" failures="0" tests="1" name="Practice.ToclickcheckboxinAscendingOrder" time="3.873" errors="0" timestamp="2023-04-15T15:42:32 IST" skipped="0">
  <testcase classname="Practice.ToclickcheckboxinAscendingOrder" name="toClick" time="3.873"/>
  <system-out/>
</testsuite> <!-- Practice.ToclickcheckboxinAscendingOrder -->
