<?xml version="1.0" encoding="UTF-8"?>
<!-- Generated by org.testng.reporters.JUnitReportReporter -->
<testsuite hostname="DESKTOP-R71JSJF" failures="0" tests="1" name="Practice.ToHandleDropDown" time="3.613" errors="0" timestamp="2023-04-15T21:09:32 IST" skipped="0">
  <testcase classname="Practice.ToHandleDropDown" name="DropDown" time="3.613"/>
  <system-out/>
</testsuite> <!-- Practice.ToHandleDropDown -->
