<?xml version="1.0" encoding="UTF-8"?>
<!-- Generated by org.testng.reporters.JUnitReportReporter -->
<testsuite hostname="DESKTOP-R71JSJF" failures="0" tests="1" name="TC_013.TC_13" time="6.855" errors="0" timestamp="2023-04-06T13:02:20 IST" skipped="0">
  <testcase classname="TC_013.TC_13" name="TC13" time="6.855"/>
  <system-out/>
</testsuite> <!-- TC_013.TC_13 -->
