<?xml version="1.0" encoding="UTF-8"?>
<!-- Generated by org.testng.reporters.JUnitReportReporter -->
<testsuite hostname="LAPTOP-84AAFFGG" failures="0" tests="1" name="com.appName.domainName.Test05" time="10.573" errors="0" timestamp="2023-04-04T12:47:28 IST" skipped="0">
  <testcase classname="com.appName.domainName.Test05" name="creatingDoctor" time="10.573"/>
  <system-out/>
</testsuite> <!-- com.appName.domainName.Test05 -->
