<?xml version="1.0" encoding="UTF-8"?>
<!-- Generated by org.testng.reporters.JUnitReportReporter -->
<testsuite hostname="DESKTOP-R71JSJF" failures="0" tests="2" name="TC_01.TC_01" time="27.819" errors="0" timestamp="2023-04-14T13:05:36 IST" skipped="0">
  <testcase classname="TC_01.TC_01" name="Tc_01" time="14.278"/>
  <system-out/>
  <testcase classname="TC_01.TC_01" name="Tc_01" time="13.541"/>
  <system-out/>
</testsuite> <!-- TC_01.TC_01 -->
