<?xml version="1.0" encoding="UTF-8"?>
<!-- Generated by org.testng.reporters.JUnitReportReporter -->
<testsuite hostname="VBK-Computer" failures="0" tests="1" name="scripts.PatientDetailsUpdateTest" time="3.672" errors="0" timestamp="2023-04-03T10:33:42 IST" skipped="0">
  <testcase classname="scripts.PatientDetailsUpdateTest" name="patientTestCase1" time="3.672"/>
  <system-out/>
</testsuite> <!-- scripts.PatientDetailsUpdateTest -->
