<?xml version="1.0" encoding="UTF-8"?>
<!-- Generated by org.testng.reporters.JUnitReportReporter -->
<testsuite hostname="DESKTOP-R71JSJF" failures="0" tests="1" name="Practice.ToHandleMouseOverAction" time="6.107" errors="0" timestamp="2023-04-16T20:45:26 IST" skipped="0">
  <testcase classname="Practice.ToHandleMouseOverAction" name="ToHandleMouse" time="6.107"/>
  <system-out/>
</testsuite> <!-- Practice.ToHandleMouseOverAction -->
