<?xml version="1.0" encoding="UTF-8"?>
<!-- Generated by org.testng.reporters.JUnitReportReporter -->
<testsuite hostname="DESKTOP-R71JSJF" failures="0" tests="1" name="TC_06.TC_06" time="11.398" errors="0" timestamp="2023-04-04T15:12:35 IST" skipped="0">
  <testcase classname="TC_06.TC_06" name="TC06" time="11.398"/>
  <system-out/>
</testsuite> <!-- TC_06.TC_06 -->
