<?xml version="1.0" encoding="UTF-8"?>
<!-- Generated by org.testng.reporters.JUnitReportReporter -->
<testsuite hostname="DESKTOP-R71JSJF" failures="0" tests="1" name="TC_15.TC15" time="12.203" errors="0" timestamp="2023-04-06T15:18:43 IST" skipped="0">
  <testcase classname="TC_15.TC15" name="TC_15" time="12.203"/>
  <system-out/>
</testsuite> <!-- TC_15.TC15 -->
