<?xml version="1.0" encoding="UTF-8"?>
<!-- Generated by org.testng.reporters.JUnitReportReporter -->
<testsuite hostname="DESKTOP-R71JSJF" failures="0" tests="1" name="TC_03.TC_03" time="8.816" errors="0" timestamp="2023-04-14T12:16:36 IST" skipped="0">
  <testcase classname="TC_03.TC_03" name="Tc_03" time="8.816"/>
  <system-out/>
</testsuite> <!-- TC_03.TC_03 -->
