<?xml version="1.0" encoding="UTF-8"?>
<!-- Generated by org.testng.reporters.JUnitReportReporter -->
<testsuite hostname="DESKTOP-R71JSJF" failures="0" tests="1" name="TC_02.BookAnAppointment" time="9.816" errors="0" timestamp="2023-04-03T15:54:49 IST" skipped="0">
  <testcase classname="TC_02.BookAnAppointment" name="BookAnAppointment" time="9.816"/>
  <system-out/>
</testsuite> <!-- TC_02.BookAnAppointment -->
