<?xml version="1.0" encoding="UTF-8"?>
<!-- Generated by org.testng.reporters.JUnitReportReporter -->
<testsuite hostname="DESKTOP-R71JSJF" failures="0" tests="1" name="TC_01.TC_01" time="12.755" errors="0" timestamp="2023-04-03T15:53:36 IST" skipped="0">
  <testcase classname="TC_01.TC_01" name="Tc_01" time="12.755"/>
  <system-out/>
</testsuite> <!-- TC_01.TC_01 -->
