<?xml version="1.0" encoding="UTF-8"?>
<!-- Generated by org.testng.reporters.JUnitReportReporter -->
<testsuite hostname="DESKTOP-R71JSJF" failures="0" tests="1" name="TC_17.TC17" time="9.283" errors="0" timestamp="2023-04-06T16:56:50 IST" skipped="0">
  <testcase classname="TC_17.TC17" name="TC_17" time="9.283"/>
  <system-out/>
</testsuite> <!-- TC_17.TC17 -->
