<?xml version="1.0" encoding="UTF-8"?>
<!-- Generated by org.testng.reporters.JUnitReportReporter -->
<testsuite hostname="DESKTOP-R71JSJF" failures="0" tests="1" name="TC_05.TC_05" time="5.572" errors="0" timestamp="2023-04-04T13:26:22 IST" skipped="0">
  <testcase classname="TC_05.TC_05" name="TC05" time="5.572"/>
  <system-out/>
</testsuite> <!-- TC_05.TC_05 -->
