<?xml version="1.0" encoding="UTF-8"?>
<!-- Generated by org.testng.reporters.JUnitReportReporter -->
<testsuite hostname="DESKTOP-R71JSJF" failures="0" tests="1" name="TC_16.Tc16" time="14.407" errors="0" timestamp="2023-04-06T15:45:21 IST" skipped="0">
  <testcase classname="TC_16.Tc16" name="TC16" time="14.407"/>
  <system-out/>
</testsuite> <!-- TC_16.Tc16 -->
