<?xml version="1.0" encoding="UTF-8"?>
<!-- Generated by org.testng.reporters.JUnitReportReporter -->
<testsuite hostname="DESKTOP-R71JSJF" failures="0" tests="1" name="Practice.ToGetAllTheLinkFromApp" time="22.795" errors="0" timestamp="2023-04-15T15:34:19 IST" skipped="0">
  <testcase classname="Practice.ToGetAllTheLinkFromApp" name="toGetText" time="22.795"/>
  <system-out/>
</testsuite> <!-- Practice.ToGetAllTheLinkFromApp -->
